2023-12-10T15:32:56.289695Z 0 [System] [MY-010116] [Server] /Users/Shared/DBngin/mysql/8.0.33/bin/mysqld (mysqld 8.0.33) starting as process 2897
2023-12-10T15:32:56.291430Z 0 [Warning] [MY-010159] [Server] Setting lower_case_table_names=2 because file system for /Users/saad/Herd/safehood/safehoodDB/ is case insensitive
2023-12-10T15:32:56.296423Z 0 [Warning] [MY-010122] [Server] One can only use the --user switch if running as root
2023-12-10T15:32:56.532082Z 1 [System] [MY-013576] [InnoDB] InnoDB initialization has started.
2023-12-10T15:32:56.603844Z 1 [System] [MY-013577] [InnoDB] InnoDB initialization has ended.
2023-12-10T15:32:56.703153Z 0 [Warning] [MY-010068] [Server] CA certificate ca.pem is self signed.
2023-12-10T15:32:56.703183Z 0 [System] [MY-013602] [Server] Channel mysql_main configured to support TLS. Encrypted connections are now supported for this channel.
2023-12-10T15:32:56.713228Z 0 [System] [MY-011323] [Server] X Plugin ready for connections. Bind-address: '::' port: 33060, socket: /tmp/mysqlx.sock
2023-12-10T15:32:56.713260Z 0 [System] [MY-010931] [Server] /Users/Shared/DBngin/mysql/8.0.33/bin/mysqld: ready for connections. Version: '8.0.33'  socket: '/tmp/mysql_3306.sock'  port: 3306  MySQL Community Server - GPL.
2023-12-10T15:35:23.356050Z 0 [System] [MY-013172] [Server] Received SHUTDOWN from user <via user signal>. Shutting down mysqld (Version: 8.0.33).
2023-12-10T15:35:24.330306Z 0 [System] [MY-010910] [Server] /Users/Shared/DBngin/mysql/8.0.33/bin/mysqld: Shutdown complete (mysqld 8.0.33)  MySQL Community Server - GPL.
2023-12-10T15:35:43.172836Z 0 [System] [MY-010116] [Server] /Users/Shared/DBngin/mysql/8.0.33/bin/mysqld (mysqld 8.0.33) starting as process 2984
2023-12-10T15:35:43.175586Z 0 [Warning] [MY-010159] [Server] Setting lower_case_table_names=2 because file system for /Users/saad/Herd/safehood/safehoodDB/ is case insensitive
2023-12-10T15:35:43.175959Z 0 [Warning] [MY-010122] [Server] One can only use the --user switch if running as root
2023-12-10T15:35:43.180102Z 1 [System] [MY-013576] [InnoDB] InnoDB initialization has started.
2023-12-10T15:35:43.245487Z 1 [System] [MY-013577] [InnoDB] InnoDB initialization has ended.
2023-12-10T15:35:43.328015Z 0 [Warning] [MY-010068] [Server] CA certificate ca.pem is self signed.
2023-12-10T15:35:43.328043Z 0 [System] [MY-013602] [Server] Channel mysql_main configured to support TLS. Encrypted connections are now supported for this channel.
2023-12-10T15:35:43.337649Z 0 [System] [MY-011323] [Server] X Plugin ready for connections. Bind-address: '::' port: 33060, socket: /tmp/mysqlx.sock
2023-12-10T15:35:43.337678Z 0 [System] [MY-010931] [Server] /Users/Shared/DBngin/mysql/8.0.33/bin/mysqld: ready for connections. Version: '8.0.33'  socket: '/tmp/mysql_3306.sock'  port: 3306  MySQL Community Server - GPL.
2023-12-10T15:42:29.939989Z 0 [System] [MY-013172] [Server] Received SHUTDOWN from user <via user signal>. Shutting down mysqld (Version: 8.0.33).
2023-12-10T15:42:30.125139Z 0 [System] [MY-010910] [Server] /Users/Shared/DBngin/mysql/8.0.33/bin/mysqld: Shutdown complete (mysqld 8.0.33)  MySQL Community Server - GPL.
2023-12-10T15:42:55.319295Z 0 [System] [MY-010116] [Server] /Users/Shared/DBngin/mysql/8.0.33/bin/mysqld (mysqld 8.0.33) starting as process 3196
2023-12-10T15:42:55.322188Z 0 [Warning] [MY-010159] [Server] Setting lower_case_table_names=2 because file system for /Users/saad/Herd/safehood/safehoodDB/ is case insensitive
2023-12-10T15:42:55.322490Z 0 [Warning] [MY-010122] [Server] One can only use the --user switch if running as root
2023-12-10T15:42:55.326909Z 1 [System] [MY-013576] [InnoDB] InnoDB initialization has started.
2023-12-10T15:42:55.404930Z 1 [System] [MY-013577] [InnoDB] InnoDB initialization has ended.
2023-12-10T15:42:55.514069Z 0 [Warning] [MY-010068] [Server] CA certificate ca.pem is self signed.
2023-12-10T15:42:55.514097Z 0 [System] [MY-013602] [Server] Channel mysql_main configured to support TLS. Encrypted connections are now supported for this channel.
2023-12-10T15:42:55.527069Z 0 [System] [MY-011323] [Server] X Plugin ready for connections. Bind-address: '::' port: 33060, socket: /tmp/mysqlx.sock
2023-12-10T15:42:55.527099Z 0 [System] [MY-010931] [Server] /Users/Shared/DBngin/mysql/8.0.33/bin/mysqld: ready for connections. Version: '8.0.33'  socket: '/tmp/mysql_3306.sock'  port: 3306  MySQL Community Server - GPL.
